<?xml version="1.0" encoding="UTF-8"?>
<testsuite xmlns:xsi="http://www.w3.org/2001/XMLSchema-instance" xsi:noNamespaceSchemaLocation="https://maven.apache.org/surefire/maven-surefire-plugin/xsd/surefire-test-report-3.0.xsd" version="3.0" name="com.example.AppTest" time="0.048" tests="9" errors="0" skipped="0" failures="0">
  <properties>
[...]
</properties>
  <testcase name="pushpopTest" classname="com.example.AppTest" time="0.018">
    <system-out><![CDATA[Test d)
Tá feito, dalééé
]]></system-out>
  </testcase>
  <testcase name="emptyTest" classname="com.example.AppTest" time="0.001">
    <system-out><![CDATA[Test a)
Tá feito, dalééé
]]></system-out>
  </testcase>
  <testcase name="pushIllegalTest" classname="com.example.AppTest" time="0.003">
    <system-out><![CDATA[Test i)
Tá feito, dalééé
]]></system-out>
  </testcase>
  <testcase name="nPopsTest" classname="com.example.AppTest" time="0.002">
    <system-out><![CDATA[Test f)
Tá feito, dalééé
]]></system-out>
  </testcase>
  <testcase name="popEmptyTest" classname="com.example.AppTest" time="0.002">
    <system-out><![CDATA[Test g)
Tá feito, dalééé
]]></system-out>
  </testcase>
  <testcase name="size0Test" classname="com.example.AppTest" time="0.001">
    <system-out><![CDATA[Test b)
Tá feito, dalééé
]]></system-out>
  </testcase>
  <testcase name="peekEmptyTest" classname="com.example.AppTest" time="0.001">
    <system-out><![CDATA[Test h)
Tá feito, dalééé
]]></system-out>
  </testcase>
  <testcase name="pushTest" classname="com.example.AppTest" time="0.001">
    <system-out><![CDATA[Test c)
Tá feito, dalééé
]]></system-out>
  </testcase>
  <testcase name="pushPeekTest" classname="com.example.AppTest" time="0.001">
    <system-out><![CDATA[Test e)
Tá feito, dalééé
]]></system-out>
  </testcase>
</testsuite>