<?xml version="1.0" encoding="UTF-8"?>
<testsuite xmlns:xsi="http://www.w3.org/2001/XMLSchema-instance" xsi:noNamespaceSchemaLocation="https://maven.apache.org/surefire/maven-surefire-plugin/xsd/surefire-test-report.xsd" version="3.0.2" name="com.mycompany.app.TqsStackTest" time="0.125" tests="12" errors="0" skipped="0" failures="0">
  <properties>
[...]
</properties>
  <testcase name="testPopTopNThrowsExceptionOnEmptyStack" classname="com.mycompany.app.TqsStackTest" time="0.066">
    <system-err><![CDATA[Feb 21, 2025 2:13:22 PM com.mycompany.app.TqsStackTest testPopTopNThrowsExceptionOnEmptyStack
INFO: Testing popTopN on empty stack.
]]></system-err>
  </testcase>
  <testcase name="testPushThenPeekReturnsSameValueWithoutChangingSize" classname="com.mycompany.app.TqsStackTest" time="0.005">
    <system-err><![CDATA[Feb 21, 2025 2:13:22 PM com.mycompany.app.TqsStackTest testPushThenPeekReturnsSameValueWithoutChangingSize
INFO: Testing push then peek.
]]></system-err>
  </testcase>
  <testcase name="testPopTopNThrowsExceptionWhenNIsTooLarge" classname="com.mycompany.app.TqsStackTest" time="0.003">
    <system-err><![CDATA[Feb 21, 2025 2:13:22 PM com.mycompany.app.TqsStackTest testPopTopNThrowsExceptionWhenNIsTooLarge
INFO: Testing popTopN throws exception for large n.
]]></system-err>
  </testcase>
  <testcase name="testStackSizeZeroOnConstruction" classname="com.mycompany.app.TqsStackTest" time="0.002">
    <system-err><![CDATA[Feb 21, 2025 2:13:22 PM com.mycompany.app.TqsStackTest testStackSizeZeroOnConstruction
INFO: Testing if stack size is 0
]]></system-err>
  </testcase>
  <testcase name="testPopTopN" classname="com.mycompany.app.TqsStackTest" time="0.002">
    <system-err><![CDATA[Feb 21, 2025 2:13:22 PM com.mycompany.app.TqsStackTest testPopTopN
INFO: Testing popTopN method.
]]></system-err>
  </testcase>
  <testcase name="testPopFromEmptyStackThrowsException" classname="com.mycompany.app.TqsStackTest" time="0.002">
    <system-err><![CDATA[Feb 21, 2025 2:13:22 PM com.mycompany.app.TqsStackTest testPopFromEmptyStackThrowsException
INFO: Testing pop from empty stack.
]]></system-err>
  </testcase>
  <testcase name="testPushesMakeStackNonEmptyAndSizeCorrect" classname="com.mycompany.app.TqsStackTest" time="0.002">
    <system-err><![CDATA[Feb 21, 2025 2:13:22 PM com.mycompany.app.TqsStackTest testPushesMakeStackNonEmptyAndSizeCorrect
INFO: Testing stack after multiple pushes.
]]></system-err>
  </testcase>
  <testcase name="testPushThenPopReturnsSameValue" classname="com.mycompany.app.TqsStackTest" time="0.001">
    <system-err><![CDATA[Feb 21, 2025 2:13:22 PM com.mycompany.app.TqsStackTest testPushThenPopReturnsSameValue
INFO: Testing push then pop.
]]></system-err>
  </testcase>
  <testcase name="testStackIsEmptyOnConstruction" classname="com.mycompany.app.TqsStackTest" time="0.003">
    <system-err><![CDATA[Feb 21, 2025 2:13:22 PM com.mycompany.app.TqsStackTest testStackIsEmptyOnConstruction
INFO: Testing if stack is empty
]]></system-err>
  </testcase>
  <testcase name="testPopAllMakesStackEmpty" classname="com.mycompany.app.TqsStackTest" time="0.001">
    <system-err><![CDATA[Feb 21, 2025 2:13:22 PM com.mycompany.app.TqsStackTest testPopAllMakesStackEmpty
INFO: Testing popping all elements.
]]></system-err>
  </testcase>
  <testcase name="testPushToFullBoundedStackThrowsException" classname="com.mycompany.app.TqsStackTest" time="0.001">
    <system-err><![CDATA[Feb 21, 2025 2:13:22 PM com.mycompany.app.TqsStackTest testPushToFullBoundedStackThrowsException
INFO: Testing push to full bounded stack.
]]></system-err>
  </testcase>
  <testcase name="testPeekIntoEmptyStackThrowsException" classname="com.mycompany.app.TqsStackTest" time="0.003">
    <system-err><![CDATA[Feb 21, 2025 2:13:22 PM com.mycompany.app.TqsStackTest testPeekIntoEmptyStackThrowsException
INFO: Testing peek into empty stack.
]]></system-err>
  </testcase>
</testsuite>